<?xml version="1.0" encoding="UTF-8"?>
<testng-results total="1" passed="1" failed="0" skipped="0">
  <reporter-output>
  </reporter-output>
  <suite started-at="2023-06-05T04:50:02Z" name="Default suite" finished-at="2023-06-05T04:51:02Z" duration-ms="59992">
    <groups>
    </groups>
    <test started-at="2023-06-05T04:50:02Z" name="Default test" finished-at="2023-06-05T04:51:02Z" duration-ms="59992">
      <class name="com.practice.Day7_3">
        <test-method is-config="true" signature="beforeMethod()[pri:0, instance:com.practice.Day7_3@31ea9581]" started-at="2023-06-05T10:20:02Z" name="beforeMethod" finished-at="2023-06-05T10:20:54Z" duration-ms="52316" status="PASS">
          <reporter-output>
          </reporter-output>
        </test-method> <!-- beforeMethod -->
        <test-method signature="underMethod()[pri:0, instance:com.practice.Day7_3@31ea9581]" started-at="2023-06-05T10:20:54Z" name="underMethod" finished-at="2023-06-05T10:21:02Z" duration-ms="7318" status="PASS">
          <reporter-output>
          </reporter-output>
        </test-method> <!-- underMethod -->
        <test-method is-config="true" signature="afterMethod()[pri:0, instance:com.practice.Day7_3@31ea9581]" started-at="2023-06-05T10:21:02Z" name="afterMethod" finished-at="2023-06-05T10:21:02Z" duration-ms="343" status="PASS">
          <reporter-output>
          </reporter-output>
        </test-method> <!-- afterMethod -->
      </class> <!-- com.practice.Day7_3 -->
    </test> <!-- Default test -->
  </suite> <!-- Default suite -->
</testng-results>
