<?xml version="1.0" encoding="UTF-8"?>
<testng-results total="1" passed="1" failed="0" skipped="0">
  <reporter-output>
  </reporter-output>
  <suite started-at="2023-06-02T06:23:04Z" name="Default suite" finished-at="2023-06-02T06:25:35Z" duration-ms="150999">
    <groups>
    </groups>
    <test started-at="2023-06-02T06:23:04Z" name="Default test" finished-at="2023-06-02T06:25:35Z" duration-ms="150999">
      <class name="com.practice.Day7_1">
        <test-method signature="verifyTitle()[pri:0, instance:com.practice.Day7_1@57a78e3]" started-at="2023-06-02T11:53:04Z" name="verifyTitle" finished-at="2023-06-02T11:55:35Z" duration-ms="150984" status="PASS">
          <reporter-output>
          </reporter-output>
        </test-method> <!-- verifyTitle -->
      </class> <!-- com.practice.Day7_1 -->
    </test> <!-- Default test -->
  </suite> <!-- Default suite -->
</testng-results>
